Arguments: 
  /home/vinos/.nvm/versions/node/v14.10.0/bin/node /home/vinos/.nvm/versions/node/v14.10.0/bin/yarn test:auth2

PATH: 
  /home/vinos/.nvm/versions/node/v14.10.0/bin:/usr/local/sbin:/usr/local/bin:/usr/sbin:/usr/bin:/sbin:/bin:/usr/games:/usr/local/games:/mnt/c/Python27/:/mnt/c/Python27/Scripts:/mnt/c/Program Files/ImageMagick-7.0.8-Q16:/mnt/c/program files/graphicsmagick-1.3.31-q16:/mnt/c/ProgramData/DockerDesktop/version-bin:/mnt/c/Program Files/Docker/Docker/Resources/bin:/mnt/c/ProgramData/Oracle/Java/javapath:/mnt/c/windows/system32:/mnt/c/windows:/mnt/c/windows/system32/wbem:/mnt/c/windows/system32/windowspowershell/v1.0/:/mnt/c/program files (x86)/skype/phone/:/mnt/c/program files/git/cmd:/mnt/c/cmder/bin:/mnt/c/cmder/vendor/git-for-windows:/mnt/c/Program Files (x86)/ATI Technologies/ATI.ACE/Core-Static:/mnt/c/Program Files (x86)/NVIDIA Corporation/PhysX/Common:/mnt/c/Program Files/7-Zip:/mnt/c/Program Files/PuTTY/:/mnt/c/Program Files/Sublime Text 3:/mnt/g/wbin:/mnt/g/PHP7:/mnt/c/Users/komar/Downloads:/mnt/c/Program Files/MongoDB/Server/3.4/bin:/mnt/c/Users/komar/test/parcerForEmail/phantomjs-2.1.1-windows/bin:/mnt/c/WINDOWS/system32:/mnt/c/WINDOWS:/mnt/c/WINDOWS/System32/Wbem:/mnt/c/WINDOWS/System32/WindowsPowerShell/v1.0/:/mnt/c/ProgramData/chocolatey/bin:/mnt/c/Users/komar/AppData/Roaming/nvm:/mnt/c/Program Files/nodejs:/mnt/c/tools/cygwin/bin:/mnt/c/WINDOWS/System32/OpenSSH/:/mnt/c/Program Files (x86)/Windows Live/Shared:/mnt/c/Program Files/Microsoft VS Code/bin:/mnt/c/Program Files/Notepad++:/mnt/c/Program Files/EmEditor:/mnt/g/Downloads/phantomjs-2.1.1-windows/phantomjs-2.1.1-windows/bin:/mnt/c/Program Files/Microsoft Office/root/Office16:/mnt/c/Program Files/GraphicsMagick-1.3.31-Q16:/mnt/c/Program Files/Git/cmd:/mnt/c/composer:/mnt/c/WINDOWS/system32:/mnt/c/WINDOWS:/mnt/c/WINDOWS/System32/Wbem:/mnt/c/WINDOWS/System32/WindowsPowerShell/v1.0/:/mnt/c/WINDOWS/System32/OpenSSH/:/mnt/c/Program Files/nodejs/:/mnt/g/mplayer:/mnt/c/ProgramData/chocolatey/lib/mpv.install/tools:/mnt/c/Users/komar/AppData/Local/Microsoft/WindowsApps:/mnt/c/cmder/bin:/mnt/c/Users/komar/AppData/Local/Programs/Microsoft VS Code/bin:/mnt/c/chromedriver_win32:/mnt/c/Users/komar/AppData/Local/Programs/Fiddler:/mnt/c/Program Files/Docker Toolbox:/mnt/c/Users/komar/AppData/Roaming/Composer/vendor/bin:/mnt/c/Users/komar/AppData/Local/Microsoft/WindowsApps:/mnt/c/Users/komar/AppData/Local/hyper/app-3.0.2/resources/bin:/mnt/c/Users/komar/AppData/Roaming/npm:/mnt/c/Program Files/JetBrains/WebStorm 2019.3.3/bin

Yarn version: 
  1.22.5

Node version: 
  14.10.0

Platform: 
  linux x64

Trace: 
  SyntaxError: /mnt/f/_code-project_/nodejs-course-2020q3/package.json: Unexpected string in JSON at position 515
      at JSON.parse (<anonymous>)
      at /home/vinos/.nvm/versions/node/v14.10.0/lib/node_modules/yarn/lib/cli.js:1625:59
      at Generator.next (<anonymous>)
      at step (/home/vinos/.nvm/versions/node/v14.10.0/lib/node_modules/yarn/lib/cli.js:310:30)
      at /home/vinos/.nvm/versions/node/v14.10.0/lib/node_modules/yarn/lib/cli.js:321:13

npm manifest: 
  {
    "name": "rs-rest-service-starter",
    "version": "1.0.0",
    "repository": {
      "type": "git",
      "url": ""
    },
    "type": "commonjs",
    "description": "REST service starter for RS School",
    "main": "src/server.js",
    "scripts": {
      "start": "nodemon src/server.js",
      "lint": "eslint ./ --ignore-path .gitignore --fix",
      "test": "cross-env DEBUG=rs:* jest --testMatch \"<rootDir>/test/e2e/test/*.test.js\" --noStackTrace",
      "test:auth": "cross-env DEBUG=rs:* TEST_MODE=auth jest --noStackTrace"
      "test:auth2": "cross-env DEBUG=rs:* TEST_MODE=auth jest"
    },
    "keywords": [
      "rs",
      "school",
      "rest",
      "node",
      "express",
      "autotest",
      "starter"
    ],
    "license": "ISC",
    "engines": {
      "node": ">=12.0.0"
    },
    "jest": {
      "testEnvironment": "node",
      "setupFilesAfterEnv": [
        "./test/setup.js"
      ]
    },
    "husky": {
      "hooks": {
        "pre-commit": "lint-staged"
      }
    },
    "lint-staged": {
      "*.js": [
        "npm run lint",
        "git add"
      ]
    },
    "dependencies": {
      "app-root-path": "^3.0.0",
      "bcrypt": "^5.0.0",
      "bluebird": "^3.7.2",
      "chalk": "^4.1.0",
      "colors": "^1.4.0",
      "cors": "^2.8.5",
      "cross-env": "6.0.3",
      "dotenv": "8.2.0",
      "express": "4.17.1",
      "express-async-handler": "^1.1.4",
      "helmet": "^4.1.1",
      "http-errors": "^1.8.0",
      "http-status-codes": "^2.1.4",
      "joi": "^17.3.0",
      "jsonwebtoken": "^8.5.1",
      "mocker-data-generator": "^2.9.0",
      "moment": "^2.29.1",
      "mongoose": "^5.10.9",
      "mongoose-beautiful-unique-validation": "^7.1.1",
      "morgan": "^1.10.0",
      "nedb": "^1.8.0",
      "nedb-promises": "^4.1.0",
      "normalize-mongoose": "0.0.1",
      "rotating-file-stream": "^2.1.3",
      "swagger-ui-express": "4.1.2",
      "uuid": "3.3.3",
      "winston": "^3.3.3",
      "yamljs": "0.3.0"
    },
    "devDependencies": {
      "chai": "4.2.0",
      "debug": "4.1.1",
      "dirty-chai": "2.0.1",
      "eslint": "6.7.2",
      "eslint-config-prettier": "6.7.0",
      "eslint-plugin-node": "10.0.0",
      "eslint-plugin-prettier": "3.1.1",
      "husky": "3.1.0",
      "jest": "24.9.0",
      "lint-staged": "9.5.0",
      "nodemon": "2.0.2",
      "prettier": "1.19.1",
      "supertest": "4.0.2"
    }
  }

yarn manifest: 
  No manifest

Lockfile: 
  No lockfile
